<?xml version="1.0" encoding="UTF-8"?>
<!-- Generated by org.testng.reporters.JUnitReportReporter -->
<testsuite hostname="LAPTOP-GCEPLDKO" failures="0" tests="3" name="datade.DataDemo" time="0.023" errors="0" timestamp="01 Jul 2021 21:33:47 GMT" skipped="0">
  <testcase classname="datade.DataDemo" name="SetData" time="0.006"/>
  <testcase classname="datade.DataDemo" name="SetData" time="0.002"/>
  <testcase classname="datade.DataDemo" name="SetData" time="0.015"/>
</testsuite> <!-- datade.DataDemo -->
