<?xml version="1.0" encoding="UTF-8"?>
<!-- Generated by org.testng.reporters.JUnitReportReporter -->
<testsuite hostname="LAPTOP-GCEPLDKO" failures="0" tests="1" name="crossbrowser.LaunchTwo" time="11.011" errors="0" timestamp="13 Jul 2021 23:04:52 GMT" skipped="0">
  <testcase classname="crossbrowser.LaunchTwo" name="login_Test" time="11.011"/>
</testsuite> <!-- crossbrowser.LaunchTwo -->
